2023-09-04 10:13:33,485 [INFO] com.example.demo.BlogPortalApplication [restartedMain] Starting BlogPortalApplication using Java 17.0.7 with PID 20156 (C:\Users\ashut\Downloads\blog_portal_backend\target\classes started by ashut in C:\Users\ashut\Downloads\blog_portal_backend) 
2023-09-04 10:13:33,491 [INFO] com.example.demo.BlogPortalApplication [restartedMain] No active profile set, falling back to 1 default profile: "default" 
2023-09-04 10:13:33,559 [INFO] org.springframework.boot.devtools.env.DevToolsPropertyDefaultsPostProcessor [restartedMain] Devtools property defaults active! Set 'spring.devtools.add-properties' to 'false' to disable 
2023-09-04 10:13:33,559 [INFO] org.springframework.boot.devtools.env.DevToolsPropertyDefaultsPostProcessor [restartedMain] For additional web related logging consider setting the 'logging.level.web' property to 'DEBUG' 
2023-09-04 10:13:34,185 [INFO] org.springframework.data.repository.config.RepositoryConfigurationDelegate [restartedMain] Bootstrapping Spring Data MongoDB repositories in DEFAULT mode. 
2023-09-04 10:13:34,238 [INFO] org.springframework.data.repository.config.RepositoryConfigurationDelegate [restartedMain] Finished Spring Data repository scanning in 47 ms. Found 1 MongoDB repository interfaces. 
2023-09-04 10:13:34,853 [INFO] org.springframework.boot.web.embedded.tomcat.TomcatWebServer [restartedMain] Tomcat initialized with port(s): 8080 (http) 
2023-09-04 10:13:34,865 [INFO] org.apache.catalina.core.StandardService [restartedMain] Starting service [Tomcat] 
2023-09-04 10:13:34,866 [INFO] org.apache.catalina.core.StandardEngine [restartedMain] Starting Servlet engine: [Apache Tomcat/10.1.11] 
2023-09-04 10:13:34,940 [INFO] org.apache.catalina.core.ContainerBase.[Tomcat].[localhost].[/] [restartedMain] Initializing Spring embedded WebApplicationContext 
2023-09-04 10:13:34,940 [INFO] org.springframework.boot.web.servlet.context.ServletWebServerApplicationContext [restartedMain] Root WebApplicationContext: initialization completed in 1380 ms 
2023-09-04 10:13:35,192 [INFO] org.mongodb.driver.client [restartedMain] MongoClient with metadata {"driver": {"name": "mongo-java-driver|sync|spring-boot", "version": "4.9.1"}, "os": {"type": "Windows", "name": "Windows 11", "architecture": "amd64", "version": "10.0"}, "platform": "Java/Eclipse Adoptium/17.0.7+7"} created with settings MongoClientSettings{readPreference=primary, writeConcern=WriteConcern{w=null, wTimeout=null ms, journal=null}, retryWrites=true, retryReads=true, readConcern=ReadConcern{level=null}, credential=null, streamFactoryFactory=null, commandListeners=[], codecRegistry=ProvidersCodecRegistry{codecProviders=[ValueCodecProvider{}, BsonValueCodecProvider{}, DBRefCodecProvider{}, DBObjectCodecProvider{}, DocumentCodecProvider{}, CollectionCodecProvider{}, IterableCodecProvider{}, MapCodecProvider{}, GeoJsonCodecProvider{}, GridFSFileCodecProvider{}, Jsr310CodecProvider{}, JsonObjectCodecProvider{}, BsonCodecProvider{}, EnumCodecProvider{}, com.mongodb.client.model.mql.ExpressionCodecProvider@68593076, com.mongodb.Jep395RecordCodecProvider@186fc4bb]}, loggerSettings=LoggerSettings{maxDocumentLength=1000}, clusterSettings={hosts=[localhost:27017], srvServiceName=mongodb, mode=SINGLE, requiredClusterType=UNKNOWN, requiredReplicaSetName='null', serverSelector='null', clusterListeners='[]', serverSelectionTimeout='30000 ms', localThreshold='30000 ms'}, socketSettings=SocketSettings{connectTimeoutMS=10000, readTimeoutMS=0, receiveBufferSize=0, sendBufferSize=0}, heartbeatSocketSettings=SocketSettings{connectTimeoutMS=10000, readTimeoutMS=10000, receiveBufferSize=0, sendBufferSize=0}, connectionPoolSettings=ConnectionPoolSettings{maxSize=100, minSize=0, maxWaitTimeMS=120000, maxConnectionLifeTimeMS=0, maxConnectionIdleTimeMS=0, maintenanceInitialDelayMS=0, maintenanceFrequencyMS=60000, connectionPoolListeners=[], maxConnecting=2}, serverSettings=ServerSettings{heartbeatFrequencyMS=10000, minHeartbeatFrequencyMS=500, serverListeners='[]', serverMonitorListeners='[]'}, sslSettings=SslSettings{enabled=false, invalidHostNameAllowed=false, context=null}, applicationName='null', compressorList=[], uuidRepresentation=JAVA_LEGACY, serverApi=null, autoEncryptionSettings=null, contextProvider=null} 
2023-09-04 10:13:35,212 [INFO] org.mongodb.driver.cluster [cluster-ClusterId{value='64f56077f72d272ec09ac10a', description='null'}-localhost:27017] Monitor thread successfully connected to server with description ServerDescription{address=localhost:27017, type=STANDALONE, state=CONNECTED, ok=true, minWireVersion=0, maxWireVersion=21, maxDocumentSize=16777216, logicalSessionTimeoutMinutes=30, roundTripTimeNanos=18856900} 
2023-09-04 10:13:35,336 [INFO] org.springframework.boot.devtools.autoconfigure.OptionalLiveReloadServer [restartedMain] LiveReload server is running on port 35729 
2023-09-04 10:13:35,810 [INFO] org.springframework.boot.web.embedded.tomcat.TomcatWebServer [restartedMain] Tomcat started on port(s): 8080 (http) with context path '' 
2023-09-04 10:13:35,820 [INFO] com.example.demo.BlogPortalApplication [restartedMain] Started BlogPortalApplication in 2.881 seconds (process running for 3.674) 
2023-09-04 10:14:37,015 [INFO] org.apache.catalina.core.ContainerBase.[Tomcat].[localhost].[/] [http-nio-8080-exec-1] Initializing Spring DispatcherServlet 'dispatcherServlet' 
2023-09-04 10:14:37,016 [INFO] org.springframework.web.servlet.DispatcherServlet [http-nio-8080-exec-1] Initializing Servlet 'dispatcherServlet' 
2023-09-04 10:14:37,019 [INFO] org.springframework.web.servlet.DispatcherServlet [http-nio-8080-exec-1] Completed initialization in 3 ms 
2023-09-04 10:14:37,473 [INFO] com.example.demo.controller.UserController [http-nio-8080-exec-2] Info tracing login controller AuthenticateInDto [userEmail=arvind@nucleusteq.com, userPassword=123456] 
2023-09-04 10:14:37,475 [INFO] com.example.demo.controller.UserController [http-nio-8080-exec-2]  authentication in UserService AuthenticateInDto [userEmail=arvind@nucleusteq.com, userPassword=MTIzNDU2] 
2023-09-04 10:14:37,720 [INFO] com.example.demo.controller.UserController [http-nio-8080-exec-2]  successfull authentication in UserService  authenticated user details:AuthenticateOutDto [userFirstName=arvind, userLastName=Tigga, userGender=Male, userEmail=arvind@nucleusteq.com, userDesgination=SoftwareEngineer, userContactNumber=8765678976, userRole=Employee] 
2023-09-04 10:14:37,720 [INFO] com.example.demo.controller.UserController [http-nio-8080-exec-2] successfull authenticated user AuthenticateOutDto [userFirstName=arvind, userLastName=Tigga, userGender=Male, userEmail=arvind@nucleusteq.com, userDesgination=SoftwareEngineer, userContactNumber=8765678976, userRole=Employee] 
2023-09-04 10:15:29,654 [INFO] com.example.demo.controller.UserController [http-nio-8080-exec-3] Info tracing login controller AuthenticateInDto [userEmail=ashutosh@nucleusteq.com, userPassword=123456] 
2023-09-04 10:15:29,655 [INFO] com.example.demo.controller.UserController [http-nio-8080-exec-3]  authentication in UserService AuthenticateInDto [userEmail=ashutosh@nucleusteq.com, userPassword=MTIzNDU2] 
2023-09-04 10:15:29,663 [INFO] com.example.demo.controller.UserController [http-nio-8080-exec-3]  successfull authentication in UserService  authenticated user details:AuthenticateOutDto [userFirstName=Ashutosh, userLastName=Tigga, userGender=Male, userEmail=ashutosh@nucleusteq.com, userDesgination=SoftwareEngineer, userContactNumber=8540898898, userRole=Admin] 
2023-09-04 10:15:29,664 [INFO] com.example.demo.controller.UserController [http-nio-8080-exec-3] successfull authenticated user AuthenticateOutDto [userFirstName=Ashutosh, userLastName=Tigga, userGender=Male, userEmail=ashutosh@nucleusteq.com, userDesgination=SoftwareEngineer, userContactNumber=8540898898, userRole=Admin] 
2023-09-04 10:18:01,209 [INFO] com.example.demo.controller.UserController [http-nio-8080-exec-6] Info tracing login controller AuthenticateInDto [userEmail=arvind@nucleusteq.com, userPassword=123456] 
2023-09-04 10:18:01,210 [INFO] com.example.demo.controller.UserController [http-nio-8080-exec-6]  authentication in UserService AuthenticateInDto [userEmail=arvind@nucleusteq.com, userPassword=MTIzNDU2] 
2023-09-04 10:18:01,216 [INFO] com.example.demo.controller.UserController [http-nio-8080-exec-6]  successfull authentication in UserService  authenticated user details:AuthenticateOutDto [userFirstName=arvind, userLastName=Tigga, userGender=Male, userEmail=arvind@nucleusteq.com, userDesgination=SoftwareEngineer, userContactNumber=8765678976, userRole=Employee] 
2023-09-04 10:18:01,216 [INFO] com.example.demo.controller.UserController [http-nio-8080-exec-6] successfull authenticated user AuthenticateOutDto [userFirstName=arvind, userLastName=Tigga, userGender=Male, userEmail=arvind@nucleusteq.com, userDesgination=SoftwareEngineer, userContactNumber=8765678976, userRole=Employee] 
